
/home/runner/work/exp-thermal-conductivity-insulating-material-nitk/exp-thermal-conductivity-insulating-material-nitk/experiment/simulation/js/graph.ob.js
  1:745  warning  'b' is already defined  no-redeclare

/home/runner/work/exp-thermal-conductivity-insulating-material-nitk/exp-thermal-conductivity-insulating-material-nitk/experiment/simulation/js/graph_line_use.ob.js
  1:105  warning  'graphline' is defined but never used  no-unused-vars
  1:165  warning  'CanvasJS' is not defined              no-undef

/home/runner/work/exp-thermal-conductivity-insulating-material-nitk/exp-thermal-conductivity-insulating-material-nitk/experiment/simulation/js/graph_use.ob.js
  1:103  warning  'drawgraph' is defined but never used  no-unused-vars
  1:163  warning  'CanvasJS' is not defined              no-undef

/home/runner/work/exp-thermal-conductivity-insulating-material-nitk/exp-thermal-conductivity-insulating-material-nitk/experiment/simulation/js/graph_use2.ob.js
  1:100  warning  'drawgraph2' is defined but never used  no-unused-vars
  1:193  warning  'CanvasJS' is not defined               no-undef

/home/runner/work/exp-thermal-conductivity-insulating-material-nitk/exp-thermal-conductivity-insulating-material-nitk/experiment/simulation/js/jquery-3.6.0.js
     17:44  warning  'module' is not defined                                                    no-undef
     25:5   warning  'module' is not defined                                                    no-undef
    142:13  warning  'Symbol' is already defined as a built-in global variable                  no-redeclare
    717:22  warning  Unexpected control character(s) in regular expression: \x1f, \x1f          no-control-regex
    779:50  warning  Empty block statement                                                      no-empty
   2185:38  warning  Do not access Object.prototype method 'hasOwnProperty' from target object  no-prototype-builtins
   3205:16  warning  Unnecessary escape character: \/                                           no-useless-escape
   3507:52  warning  Empty block statement                                                      no-empty
   4584:21  warning  Empty block statement                                                      no-empty
   5051:28  warning  Unnecessary escape character: \/                                           no-useless-escape
   5268:19  warning  Empty block statement                                                      no-empty
   6564:25  warning  Empty block statement                                                      no-empty
   9171:17  warning  Empty block statement                                                      no-empty
   9819:28  warning  'urlAnchor.href' is assigned to itself                                     no-self-assign
  10269:17  warning  Empty block statement                                                      no-empty
  11162:39  warning  'define' is not defined                                                    no-undef
  11163:5   warning  'define' is not defined                                                    no-undef

/home/runner/work/exp-thermal-conductivity-insulating-material-nitk/exp-thermal-conductivity-insulating-material-nitk/experiment/simulation/js/jquery.ui.touch-punch.js
  174:4  warning  'jQuery' is not defined  no-undef

/home/runner/work/exp-thermal-conductivity-insulating-material-nitk/exp-thermal-conductivity-insulating-material-nitk/experiment/simulation/js/jquery.ui.touch-punch.min.js
  81:4  warning  'jQuery' is not defined  no-undef

/home/runner/work/exp-thermal-conductivity-insulating-material-nitk/exp-thermal-conductivity-insulating-material-nitk/experiment/simulation/js/script.js
   21:1   warning  'background' is not defined                  no-undef
   22:1   warning  'background' is not defined                  no-undef
   27:5   warning  'v' is assigned a value but never used       no-unused-vars
   34:5   warning  'time' is assigned a value but never used    no-unused-vars
   55:5   warning  'temp1' is assigned a value but never used   no-unused-vars
   57:10  warning  'displayDiv' is defined but never used       no-unused-vars
  142:10  warning  'watertemp' is defined but never used        no-unused-vars
  157:10  warning  'simperiod' is defined but never used        no-unused-vars
  243:7   warning  'x' is already defined                       no-redeclare
  244:5   warning  'y' is already defined                       no-redeclare
  308:3   warning  'background' is not defined                  no-undef
  309:3   warning  'background' is not defined                  no-undef
  310:3   warning  'layer' is not defined                       no-undef
  311:3   warning  'layer' is not defined                       no-undef
  314:3   warning  'layer' is not defined                       no-undef
  315:19  warning  'background' is not defined                  no-undef
  341:19  warning  'layer' is not defined                       no-undef
  352:10  warning  'comment1' is defined but never used         no-unused-vars
  428:7   warning  'Ti' is assigned a value but never used      no-unused-vars
  429:7   warning  'To' is assigned a value but never used      no-unused-vars
  432:5   warning  'y' is not defined                           no-undef
  433:5   warning  'y' is not defined                           no-undef
  433:20  warning  'y' is not defined                           no-undef
  434:32  warning  'y' is not defined                           no-undef
  438:3   warning  'drawgraph' is not defined                   no-undef
  458:10  warning  'validateAnswer1' is defined but never used  no-unused-vars
  523:3   warning  'background' is not defined                  no-undef
  524:3   warning  'background' is not defined                  no-undef
  525:3   warning  'layer' is not defined                       no-undef
  526:3   warning  'layer' is not defined                       no-undef
  549:10  warning  'movetoTop' is defined but never used        no-unused-vars
  550:3   warning  'practiceDiv' is not defined                 no-undef

✖ 58 problems (0 errors, 58 warnings)

